<?xml version="1.0" encoding="UTF-8"?>
<!-- Generated by org.testng.reporters.JUnitReportReporter -->
<testsuite hostname="DESKTOP-LHKOEM5" name="allClassFilesHere.FlipkartLogin_verify" tests="2" failures="0" timestamp="1 Nov 2020 16:15:19 GMT" time="143.810" errors="0">
  <testcase name="verify_login" time="71.902" classname="allClassFilesHere.FlipkartLogin_verify"/>
  <testcase name="verify_login" time="71.908" classname="allClassFilesHere.FlipkartLogin_verify"/>
</testsuite> <!-- allClassFilesHere.FlipkartLogin_verify -->
