<?xml version="1.0" encoding="UTF-8"?>
<!-- Generated by org.testng.reporters.JUnitReportReporter -->
<testsuite hostname="DESKTOP-LHKOEM5" name="com.renu.property.code.PropertiesReader" tests="1" failures="0" timestamp="18 Oct 2020 23:25:04 GMT" time="0.899" errors="0">
  <testcase name="readExcelFile" time="0.899" classname="com.renu.property.code.PropertiesReader"/>
</testsuite> <!-- com.renu.property.code.PropertiesReader -->
